<?xml version="1.0" encoding="UTF-8"?>
<!-- Generated by org.testng.reporters.JUnitXMLReporter -->
<testsuite hostname="RajuGupta" ignored="2" name="Test" tests="2" failures="0" timestamp="2022-10-19T16:04:14 IST" time="0.063" errors="0">
  <testcase name="demo2" time="0.016" classname="com.timeTracking.actitime.Automation.modulename.ClassB"/>
  <testcase name="demo1" time="0.015" classname="com.timeTracking.actitime.Automation.modulename.Class"/>
  <testcase name="@BeforeSuite bsConfig" time="0.0" classname="com.timeTracking.actitime.Automation.genericutility.Baseclass">
    <ignored/>
  </testcase> <!-- @BeforeSuite bsConfig -->
  <testcase name="@AfterSuite asConfig" time="0.0" classname="com.timeTracking.actitime.Automation.genericutility.Baseclass">
    <ignored/>
  </testcase> <!-- @AfterSuite asConfig -->
</testsuite> <!-- Test -->
